2025-01-17 15:16:02,825 - INFO - Finished! Total sfe time: 10.330533266067505 
2025-01-17 15:16:02,825 - DEBUG - 608,server, Parsed server ram usage: 80488
2025-01-17 15:16:02,825 - DEBUG - 608,client, Parsed client ram usage: 80836
2025-01-17 15:16:22,044 - DEBUG - client all values : ['modprobe cpufreq_stats failedLoaded 0 prior measurements', 'RAPL device for cpu 0', 'RAPL device for cpu 0', 'Devfreq not enabled', 'glob returned GLOB_ABORTED', 'Preparing to take measurements', 'Taking 1 measurement(s) for a duration of 11 second(s) each.', '2024-12-19 19:13:49,909 - tno.mpc.communication.httphandlers - INFO - Serving on 192.168.1.1:61002', '2024-12-19 19:13:49,912 - tno.mpc.communication.httphandlers - ERROR - Message not received.', 'Traceback (most recent call last):', '  File "/home/kamil/.local/lib/python3.9/site-packages/aiohttp/connector.py", line 1061, in _wrap_create_connection', '    sock = await aiohappyeyeballs.start_connection(', '  File "/home/kamil/.local/lib/python3.9/site-packages/aiohappyeyeballs/impl.py", line 103, in start_connection', '    raise first_exception', '  File "/home/kamil/.local/lib/python3.9/site-packages/aiohappyeyeballs/impl.py", line 81, in start_connection', '    sock = await _connect_sock(', '  File "/home/kamil/.local/lib/python3.9/site-packages/aiohappyeyeballs/impl.py", line 165, in _connect_sock', '    await loop.sock_connect(sock, address)', '  File "/usr/lib/python3.9/asyncio/selector_events.py", line 502, in sock_connect', '    return await fut', '  File "/usr/lib/python3.9/asyncio/selector_events.py", line 537, in _sock_connect_cb', "    raise OSError(err, f'Connect call failed {address}')", "ConnectionRefusedError: [Errno 111] Connect call failed ('192.168.1.2', 61001)", '', 'The above exception was the direct cause of the following exception:', '', 'Traceback (most recent call last):', '  File "/home/kamil/.local/lib/python3.9/site-packages/tno/mpc/communication/httphandlers.py", line 193, in _send', '    async with self.session.post(', '  File "/home/kamil/.local/lib/python3.9/site-packages/aiohttp/client.py", line 1355, in __aenter__', '    self._resp: _RetType = await self._coro', '  File "/home/kamil/.local/lib/python3.9/site-packages/aiohttp/client.py", line 659, in _request', '    conn = await self._connector.connect(', '  File "/home/kamil/.local/lib/python3.9/site-packages/aiohttp/connector.py", line 557, in connect', '    proto = await self._create_connection(req, traces, timeout)', '  File "/home/kamil/.local/lib/python3.9/site-packages/aiohttp/connector.py", line 1002, in _create_connection', '    _, proto = await self._create_direct_connection(req, traces, timeout)', '  File "/home/kamil/.local/lib/python3.9/site-packages/aiohttp/connector.py", line 1336, in _create_direct_connection', '    raise last_exc', '  File "/home/kamil/.local/lib/python3.9/site-packages/aiohttp/connector.py", line 1305, in _create_direct_connection', '    transp, proto = await self._wrap_create_connection(', '  File "/home/kamil/.local/lib/python3.9/site-packages/aiohttp/connector.py", line 1076, in _wrap_create_connection', '    raise client_error(req.connection_key, exc) from exc', "aiohttp.client_exceptions.ClientConnectorError: Cannot connect to host 192.168.1.2:61001 ssl:default [Connect call failed ('192.168.1.2', 61001)]", '2024-12-19 19:13:50,977 - tno.mpc.communication.httphandlers - INFO - Received message from 192.168.1.2:61001', '2024-12-19 19:13:51,008 - tno.mpc.communication.httphandlers - INFO - Received message from 192.168.1.2:61001', '2024-12-19 19:13:51,046 - tno.mpc.communication.httphandlers - INFO - Received message from 192.168.1.2:61001', '2024-12-19 19:13:51,069 - tno.mpc.communication.httphandlers - INFO - HTTPServer: Shutting down server task', '2024-12-19 19:13:51,070 - tno.mpc.communication.httphandlers - INFO - Server 192.168.1.1:61002 shutdown', 'Total bytes received: 1216', 'Total messages received: 3', '2024-12-19 19:13:51,074 - tno.mpc.communication.httphandlers - INFO - Client 192.168.1.2:61001 shutdown', 'Total bytes sent: 80', 'Total messages sent: 3', '2024-12-19 19:13:51,075 - tno.mpc.communication.pool - INFO - Pool shutdown.', 'Total bytes sent: 80', 'Total messages sent: 3', 'Total bytes received: 1216', 'Total messages received: 3', '\tCommand being timed: "python3.9 server_leak_energy.py 1 608"', '\tUser time (seconds): 6.74', '\tSystem time (seconds): 0.71', '\tPercent of CPU this job got: 87%', '\tElapsed (wall clock) time (h:mm:ss or m:ss): 0:08.54', '\tAverage shared text size (kbytes): 0', '\tAverage unshared data size (kbytes): 0', '\tAverage stack size (kbytes): 0', '\tAverage total size (kbytes): 0', '\tMaximum resident set size (kbytes): 80204', '\tAverage resident set size (kbytes): 0', '\tMajor (requiring I/O) page faults: 0', '\tMinor (reclaiming a frame) page faults: 16031', '\tVoluntary context switches: 30', '\tInvoluntary context switches: 146', '\tSwaps: 0', '\tFile system inputs: 0', '\tFile system outputs: 0', '\tSocket messages sent: 0', '\tSocket messages received: 0', '\tSignals delivered: 0', '\tPage size (bytes): 4096', '\tExit status: 0', 'PowerTOP outputing using base filename log/powertop_leak_rpi_2025-01-17_15-15-52.csv']
2025-01-17 15:16:22,044 - DEBUG - server all values : ['modprobe cpufreq_stats failedLoaded 0 prior measurements', 'RAPL device for cpu 0', 'RAPL device for cpu 0', 'Devfreq not enabled', 'glob returned GLOB_ABORTED', 'Preparing to take measurements', 'Taking 1 measurement(s) for a duration of 11 second(s) each.', '2024-12-19 19:14:27,621 - tno.mpc.communication.httphandlers - INFO - Serving on 192.168.1.2:61001', '2024-12-19 19:14:28,611 - tno.mpc.communication.httphandlers - INFO - Received message from 192.168.1.1:61002', '2024-12-19 19:14:28,700 - tno.mpc.communication.httphandlers - INFO - Received message from 192.168.1.1:61002', '2024-12-19 19:14:28,729 - tno.mpc.communication.httphandlers - INFO - Received message from 192.168.1.1:61002', '2024-12-19 19:14:28,734 - tno.mpc.communication.httphandlers - INFO - HTTPServer: Shutting down server task', '2024-12-19 19:14:28,736 - tno.mpc.communication.httphandlers - INFO - Server 192.168.1.2:61001 shutdown', 'Total bytes received: 80', 'Total messages received: 3', '2024-12-19 19:14:28,739 - tno.mpc.communication.httphandlers - INFO - Client 192.168.1.1:61002 shutdown', 'Total bytes sent: 1216', 'Total messages sent: 3', '2024-12-19 19:14:28,740 - tno.mpc.communication.pool - INFO - Pool shutdown.', 'Total bytes sent: 1216', 'Total messages sent: 3', 'Total bytes received: 80', 'Total messages received: 3', '\tCommand being timed: "python3.9 server_leak_energy.py 0 608"', '\tUser time (seconds): 6.67', '\tSystem time (seconds): 0.72', '\tPercent of CPU this job got: 87%', '\tElapsed (wall clock) time (h:mm:ss or m:ss): 0:08.43', '\tAverage shared text size (kbytes): 0', '\tAverage unshared data size (kbytes): 0', '\tAverage stack size (kbytes): 0', '\tAverage total size (kbytes): 0', '\tMaximum resident set size (kbytes): 80536', '\tAverage resident set size (kbytes): 0', '\tMajor (requiring I/O) page faults: 0', '\tMinor (reclaiming a frame) page faults: 15922', '\tVoluntary context switches: 28', '\tInvoluntary context switches: 144', '\tSwaps: 0', '\tFile system inputs: 0', '\tFile system outputs: 0', '\tSocket messages sent: 0', '\tSocket messages received: 0', '\tSignals delivered: 0', '\tPage size (bytes): 4096', '\tExit status: 0', 'PowerTOP outputing using base filename log/powertop_leak_rpi_2025-01-17_15-15-52.csv']
2025-01-17 15:16:23,427 - DEBUG - All values from powertop for client: 1       551 mW  
26     1.47 mW  
Name: 7, dtype: object
2025-01-17 15:16:23,427 - DEBUG - Energy client: 4.0606545
2025-01-17 15:16:24,723 - DEBUG - All values from powertop for server: 1       537 mW  
32      822 uW  
Name: 7, dtype: object
2025-01-17 15:16:24,723 - DEBUG - Energy server: 3.9207223800000004
