2024-10-06 23:23:47,750 - INFO - Finished! Total sfe time: 10.528656959533691 
2024-10-06 23:23:47,751 - DEBUG - Host 192.168.0.101: exit code 0, output ['kamil123', '2024-10-06 22:31:52,468 - tno.mpc.communication.httphandlers - INFO - Serving on 192.168.0.101:61001', '2024-10-06 22:31:53,492 - tno.mpc.communication.httphandlers - INFO - Received message from 192.168.0.102:61002', '2024-10-06 22:31:53,561 - tno.mpc.communication.httphandlers - INFO - Received message from 192.168.0.102:61002', '2024-10-06 22:31:53,599 - tno.mpc.communication.httphandlers - INFO - Received message from 192.168.0.102:61002', '2024-10-06 22:31:53,640 - tno.mpc.communication.httphandlers - INFO - Received message from 192.168.0.102:61002', 'By 735 success.', '2024-10-06 22:31:53,686 - tno.mpc.communication.httphandlers - INFO - Received message from 192.168.0.102:61002', '2024-10-06 22:31:53,691 - tno.mpc.communication.httphandlers - INFO - HTTPServer: Shutting down server task', '2024-10-06 22:31:53,693 - tno.mpc.communication.httphandlers - INFO - Server 192.168.0.101:61001 shutdown', 'Total bytes received: 775', 'Total messages received: 5', '2024-10-06 22:31:53,697 - tno.mpc.communication.httphandlers - INFO - Client 192.168.0.102:61002 shutdown', 'Total bytes sent: 775', 'Total messages sent: 5', '2024-10-06 22:31:53,698 - tno.mpc.communication.pool - INFO - Pool shutdown.', 'Total bytes sent: 775', 'Total messages sent: 5', 'Total bytes received: 775', 'Total messages received: 5', '\tCommand being timed: "python3 server_energy.py 0 735"', '\tUser time (seconds): 6.35', '\tSystem time (seconds): 0.78', '\tPercent of CPU this job got: 86%', '\tElapsed (wall clock) time (h:mm:ss or m:ss): 0:08.21', '\tAverage shared text size (kbytes): 0', '\tAverage unshared data size (kbytes): 0', '\tAverage stack size (kbytes): 0', '\tAverage total size (kbytes): 0', '\tMaximum resident set size (kbytes): 80428', '\tAverage resident set size (kbytes): 0', '\tMajor (requiring I/O) page faults: 0', '\tMinor (reclaiming a frame) page faults: 15904', '\tVoluntary context switches: 49', '\tInvoluntary context switches: 207', '\tSwaps: 0', '\tFile system inputs: 0', '\tFile system outputs: 0', '\tSocket messages sent: 0', '\tSocket messages received: 0', '\tSignals delivered: 0', '\tPage size (bytes): 4096', '\tExit status: 0'], error []
2024-10-06 23:23:47,751 - DEBUG - Host 192.168.0.102: exit code 0, output ['kamil123', '2024-10-06 22:31:52,166 - tno.mpc.communication.httphandlers - INFO - Serving on 192.168.0.102:61002', '2024-10-06 22:31:52,216 - tno.mpc.communication.httphandlers - ERROR - Message not received.', 'Traceback (most recent call last):', '  File "/home/kamil/.local/lib/python3.9/site-packages/aiohttp/connector.py", line 1061, in _wrap_create_connection', '    sock = await aiohappyeyeballs.start_connection(', '  File "/home/kamil/.local/lib/python3.9/site-packages/aiohappyeyeballs/impl.py", line 103, in start_connection', '    raise first_exception', '  File "/home/kamil/.local/lib/python3.9/site-packages/aiohappyeyeballs/impl.py", line 81, in start_connection', '    sock = await _connect_sock(', '  File "/home/kamil/.local/lib/python3.9/site-packages/aiohappyeyeballs/impl.py", line 165, in _connect_sock', '    await loop.sock_connect(sock, address)', '  File "/usr/lib/python3.9/asyncio/selector_events.py", line 502, in sock_connect', '    return await fut', '  File "/usr/lib/python3.9/asyncio/selector_events.py", line 537, in _sock_connect_cb', "    raise OSError(err, f'Connect call failed {address}')", "ConnectionRefusedError: [Errno 111] Connect call failed ('192.168.0.101', 61001)", '', 'The above exception was the direct cause of the following exception:', '', 'Traceback (most recent call last):', '  File "/home/kamil/.local/lib/python3.9/site-packages/tno/mpc/communication/httphandlers.py", line 193, in _send', '    async with self.session.post(', '  File "/home/kamil/.local/lib/python3.9/site-packages/aiohttp/client.py", line 1355, in __aenter__', '    self._resp: _RetType = await self._coro', '  File "/home/kamil/.local/lib/python3.9/site-packages/aiohttp/client.py", line 659, in _request', '    conn = await self._connector.connect(', '  File "/home/kamil/.local/lib/python3.9/site-packages/aiohttp/connector.py", line 557, in connect', '    proto = await self._create_connection(req, traces, timeout)', '  File "/home/kamil/.local/lib/python3.9/site-packages/aiohttp/connector.py", line 1002, in _create_connection', '    _, proto = await self._create_direct_connection(req, traces, timeout)', '  File "/home/kamil/.local/lib/python3.9/site-packages/aiohttp/connector.py", line 1336, in _create_direct_connection', '    raise last_exc', '  File "/home/kamil/.local/lib/python3.9/site-packages/aiohttp/connector.py", line 1305, in _create_direct_connection', '    transp, proto = await self._wrap_create_connection(', '  File "/home/kamil/.local/lib/python3.9/site-packages/aiohttp/connector.py", line 1076, in _wrap_create_connection', '    raise client_error(req.connection_key, exc) from exc', "aiohttp.client_exceptions.ClientConnectorError: Cannot connect to host 192.168.0.101:61001 ssl:default [Connect call failed ('192.168.0.101', 61001)]", '2024-10-06 22:31:53,281 - tno.mpc.communication.httphandlers - INFO - Received message from 192.168.0.101:61001', '2024-10-06 22:31:53,318 - tno.mpc.communication.httphandlers - INFO - Received message from 192.168.0.101:61001', '2024-10-06 22:31:53,355 - tno.mpc.communication.httphandlers - INFO - Received message from 192.168.0.101:61001', '2024-10-06 22:31:53,412 - tno.mpc.communication.httphandlers - INFO - Received message from 192.168.0.101:61001', '2024-10-06 22:31:53,428 - tno.mpc.communication.httphandlers - INFO - Received message from 192.168.0.101:61001', '2024-10-06 22:31:53,450 - tno.mpc.communication.httphandlers - INFO - HTTPServer: Shutting down server task', '2024-10-06 22:31:53,451 - tno.mpc.communication.httphandlers - INFO - Server 192.168.0.102:61002 shutdown', 'Total bytes received: 775', 'Total messages received: 5', '2024-10-06 22:31:53,454 - tno.mpc.communication.httphandlers - INFO - Client 192.168.0.101:61001 shutdown', 'Total bytes sent: 775', 'Total messages sent: 5', '2024-10-06 22:31:53,455 - tno.mpc.communication.pool - INFO - Pool shutdown.', 'Total bytes sent: 775', 'Total messages sent: 5', 'Total bytes received: 775', 'Total messages received: 5', '\tCommand being timed: "python3 server_energy.py 1 735"', '\tUser time (seconds): 6.44', '\tSystem time (seconds): 0.71', '\tPercent of CPU this job got: 86%', '\tElapsed (wall clock) time (h:mm:ss or m:ss): 0:08.29', '\tAverage shared text size (kbytes): 0', '\tAverage unshared data size (kbytes): 0', '\tAverage stack size (kbytes): 0', '\tAverage total size (kbytes): 0', '\tMaximum resident set size (kbytes): 80896', '\tAverage resident set size (kbytes): 0', '\tMajor (requiring I/O) page faults: 0', '\tMinor (reclaiming a frame) page faults: 16030', '\tVoluntary context switches: 56', '\tInvoluntary context switches: 138', '\tSwaps: 0', '\tFile system inputs: 0', '\tFile system outputs: 0', '\tSocket messages sent: 0', '\tSocket messages received: 0', '\tSignals delivered: 0', '\tPage size (bytes): 4096', '\tExit status: 0'], error []
2024-10-06 23:23:47,751 - DEBUG - 735,server, Parsed server ram usage: {'Command being timed': '"python3 server_energy.py 0 735"', 'User time (seconds)': '6.35', 'System time (seconds)': '0.78', 'Percent of CPU this job got': '86%', 'Elapsed (wall clock) time (h:mm:ss or m:ss)': '0:08.21', 'Average shared text size (kbytes)': '0', 'Average unshared data size (kbytes)': '0', 'Average stack size (kbytes)': '0', 'Average total size (kbytes)': '0', 'Maximum resident set size (kbytes)': '80428', 'Average resident set size (kbytes)': '0', 'Major (requiring I/O) page faults': '0', 'Minor (reclaiming a frame) page faults': '15904', 'Voluntary context switches': '49', 'Involuntary context switches': '207', 'Swaps': '0', 'File system inputs': '0', 'File system outputs': '0', 'Socket messages sent': '0', 'Socket messages received': '0', 'Signals delivered': '0', 'Page size (bytes)': '4096', 'Exit status': '0'}
2024-10-06 23:23:47,751 - DEBUG - 735,client, Parsed client ram usage: {'Command being timed': '"python3 server_energy.py 1 735"', 'User time (seconds)': '6.44', 'System time (seconds)': '0.71', 'Percent of CPU this job got': '86%', 'Elapsed (wall clock) time (h:mm:ss or m:ss)': '0:08.29', 'Average shared text size (kbytes)': '0', 'Average unshared data size (kbytes)': '0', 'Average stack size (kbytes)': '0', 'Average total size (kbytes)': '0', 'Maximum resident set size (kbytes)': '80896', 'Average resident set size (kbytes)': '0', 'Major (requiring I/O) page faults': '0', 'Minor (reclaiming a frame) page faults': '16030', 'Voluntary context switches': '56', 'Involuntary context switches': '138', 'Swaps': '0', 'File system inputs': '0', 'File system outputs': '0', 'Socket messages sent': '0', 'Socket messages received': '0', 'Signals delivered': '0', 'Page size (bytes)': '4096', 'Exit status': '0'}
2024-10-06 23:24:06,408 - DEBUG - Host 192.168.0.101: exit code 0, output ['kamil123', 'modprobe cpufreq_stats failedLoaded 0 prior measurements', 'RAPL device for cpu 0', 'RAPL device for cpu 0', 'Devfreq not enabled', 'glob returned GLOB_ABORTED', 'Preparing to take measurements', 'Taking 1 measurement(s) for a duration of 11 second(s) each.', '2024-10-06 22:32:03,447 - tno.mpc.communication.httphandlers - INFO - Serving on 192.168.0.101:61001', '2024-10-06 22:32:04,352 - tno.mpc.communication.httphandlers - INFO - Received message from 192.168.0.102:61002', '2024-10-06 22:32:04,428 - tno.mpc.communication.httphandlers - INFO - Received message from 192.168.0.102:61002', '2024-10-06 22:32:04,466 - tno.mpc.communication.httphandlers - INFO - Received message from 192.168.0.102:61002', '2024-10-06 22:32:04,503 - tno.mpc.communication.httphandlers - INFO - Received message from 192.168.0.102:61002', 'By 735 success.', '2024-10-06 22:32:04,552 - tno.mpc.communication.httphandlers - INFO - Received message from 192.168.0.102:61002', '2024-10-06 22:32:04,556 - tno.mpc.communication.httphandlers - INFO - HTTPServer: Shutting down server task', '2024-10-06 22:32:04,558 - tno.mpc.communication.httphandlers - INFO - Server 192.168.0.101:61001 shutdown', 'Total bytes received: 775', 'Total messages received: 5', '2024-10-06 22:32:04,560 - tno.mpc.communication.httphandlers - INFO - Client 192.168.0.102:61002 shutdown', 'Total bytes sent: 775', 'Total messages sent: 5', '2024-10-06 22:32:04,564 - tno.mpc.communication.pool - INFO - Pool shutdown.', 'Total bytes sent: 775', 'Total messages sent: 5', 'Total bytes received: 775', 'Total messages received: 5', '\tCommand being timed: "python3 server_energy.py 0 735"', '\tUser time (seconds): 6.72', '\tSystem time (seconds): 0.76', '\tPercent of CPU this job got: 88%', '\tElapsed (wall clock) time (h:mm:ss or m:ss): 0:08.45', '\tAverage shared text size (kbytes): 0', '\tAverage unshared data size (kbytes): 0', '\tAverage stack size (kbytes): 0', '\tAverage total size (kbytes): 0', '\tMaximum resident set size (kbytes): 80316', '\tAverage resident set size (kbytes): 0', '\tMajor (requiring I/O) page faults: 0', '\tMinor (reclaiming a frame) page faults: 15900', '\tVoluntary context switches: 44', '\tInvoluntary context switches: 148', '\tSwaps: 0', '\tFile system inputs: 0', '\tFile system outputs: 0', '\tSocket messages sent: 0', '\tSocket messages received: 0', '\tSignals delivered: 0', '\tPage size (bytes): 4096', '\tExit status: 0', 'PowerTOP outputing using base filename log/powertop_2024-10-06_23-23-37.csv'], error []
2024-10-06 23:24:06,409 - DEBUG - Host 192.168.0.102: exit code 0, output ['kamil123', 'modprobe cpufreq_stats failedLoaded 0 prior measurements', 'RAPL device for cpu 0', 'RAPL device for cpu 0', 'Devfreq not enabled', 'glob returned GLOB_ABORTED', 'Preparing to take measurements', 'Taking 1 measurement(s) for a duration of 11 second(s) each.', '2024-10-06 22:32:03,064 - tno.mpc.communication.httphandlers - INFO - Serving on 192.168.0.102:61002', '2024-10-06 22:32:03,073 - tno.mpc.communication.httphandlers - ERROR - Message not received.', 'Traceback (most recent call last):', '  File "/home/kamil/.local/lib/python3.9/site-packages/aiohttp/connector.py", line 1061, in _wrap_create_connection', '    sock = await aiohappyeyeballs.start_connection(', '  File "/home/kamil/.local/lib/python3.9/site-packages/aiohappyeyeballs/impl.py", line 103, in start_connection', '    raise first_exception', '  File "/home/kamil/.local/lib/python3.9/site-packages/aiohappyeyeballs/impl.py", line 81, in start_connection', '    sock = await _connect_sock(', '  File "/home/kamil/.local/lib/python3.9/site-packages/aiohappyeyeballs/impl.py", line 165, in _connect_sock', '    await loop.sock_connect(sock, address)', '  File "/usr/lib/python3.9/asyncio/selector_events.py", line 502, in sock_connect', '    return await fut', '  File "/usr/lib/python3.9/asyncio/selector_events.py", line 537, in _sock_connect_cb', "    raise OSError(err, f'Connect call failed {address}')", "ConnectionRefusedError: [Errno 111] Connect call failed ('192.168.0.101', 61001)", '', 'The above exception was the direct cause of the following exception:', '', 'Traceback (most recent call last):', '  File "/home/kamil/.local/lib/python3.9/site-packages/tno/mpc/communication/httphandlers.py", line 193, in _send', '    async with self.session.post(', '  File "/home/kamil/.local/lib/python3.9/site-packages/aiohttp/client.py", line 1355, in __aenter__', '    self._resp: _RetType = await self._coro', '  File "/home/kamil/.local/lib/python3.9/site-packages/aiohttp/client.py", line 659, in _request', '    conn = await self._connector.connect(', '  File "/home/kamil/.local/lib/python3.9/site-packages/aiohttp/connector.py", line 557, in connect', '    proto = await self._create_connection(req, traces, timeout)', '  File "/home/kamil/.local/lib/python3.9/site-packages/aiohttp/connector.py", line 1002, in _create_connection', '    _, proto = await self._create_direct_connection(req, traces, timeout)', '  File "/home/kamil/.local/lib/python3.9/site-packages/aiohttp/connector.py", line 1336, in _create_direct_connection', '    raise last_exc', '  File "/home/kamil/.local/lib/python3.9/site-packages/aiohttp/connector.py", line 1305, in _create_direct_connection', '    transp, proto = await self._wrap_create_connection(', '  File "/home/kamil/.local/lib/python3.9/site-packages/aiohttp/connector.py", line 1076, in _wrap_create_connection', '    raise client_error(req.connection_key, exc) from exc', "aiohttp.client_exceptions.ClientConnectorError: Cannot connect to host 192.168.0.101:61001 ssl:default [Connect call failed ('192.168.0.101', 61001)]", '2024-10-06 22:32:04,146 - tno.mpc.communication.httphandlers - INFO - Received message from 192.168.0.101:61001', '2024-10-06 22:32:04,186 - tno.mpc.communication.httphandlers - INFO - Received message from 192.168.0.101:61001', '2024-10-06 22:32:04,220 - tno.mpc.communication.httphandlers - INFO - Received message from 192.168.0.101:61001', '2024-10-06 22:32:04,273 - tno.mpc.communication.httphandlers - INFO - Received message from 192.168.0.101:61001', '2024-10-06 22:32:04,291 - tno.mpc.communication.httphandlers - INFO - Received message from 192.168.0.101:61001', '2024-10-06 22:32:04,316 - tno.mpc.communication.httphandlers - INFO - HTTPServer: Shutting down server task', '2024-10-06 22:32:04,318 - tno.mpc.communication.httphandlers - INFO - Server 192.168.0.102:61002 shutdown', 'Total bytes received: 775', 'Total messages received: 5', '2024-10-06 22:32:04,321 - tno.mpc.communication.httphandlers - INFO - Client 192.168.0.101:61001 shutdown', 'Total bytes sent: 775', 'Total messages sent: 5', '2024-10-06 22:32:04,322 - tno.mpc.communication.pool - INFO - Pool shutdown.', 'Total bytes sent: 775', 'Total messages sent: 5', 'Total bytes received: 775', 'Total messages received: 5', '\tCommand being timed: "python3 server_energy.py 1 735"', '\tUser time (seconds): 6.72', '\tSystem time (seconds): 0.80', '\tPercent of CPU this job got: 87%', '\tElapsed (wall clock) time (h:mm:ss or m:ss): 0:08.63', '\tAverage shared text size (kbytes): 0', '\tAverage unshared data size (kbytes): 0', '\tAverage stack size (kbytes): 0', '\tAverage total size (kbytes): 0', '\tMaximum resident set size (kbytes): 80628', '\tAverage resident set size (kbytes): 0', '\tMajor (requiring I/O) page faults: 0', '\tMinor (reclaiming a frame) page faults: 16018', '\tVoluntary context switches: 50', '\tInvoluntary context switches: 229', '\tSwaps: 0', '\tFile system inputs: 0', '\tFile system outputs: 0', '\tSocket messages sent: 0', '\tSocket messages received: 0', '\tSignals delivered: 0', '\tPage size (bytes): 4096', '\tExit status: 0', 'PowerTOP outputing using base filename log/powertop_2024-10-06_23-23-37.csv'], error []
2024-10-06 23:24:07,767 - DEBUG - All values from powertop for client: 1       547 mW  
29     1.29 mW  
Name: 7, dtype: object
2024-10-06 23:24:07,767 - DEBUG - Energy client: 4.079277600000001
2024-10-06 23:24:09,146 - DEBUG - All values from powertop for server: 1       544 mW  
28     1.23 mW  
Name: 7, dtype: object
2024-10-06 23:24:09,146 - DEBUG - Energy server: 4.0074404999999995
